<?xml version="1.0" encoding="UTF-8"?>
<!-- Generated by org.testng.reporters.JUnitXMLReporter -->
<testsuite ignored="0" hostname="LAPTOP-CFVIKKKJ" failures="0" tests="3" name="Default test" time="1.349" errors="0" timestamp="2021-10-07T10:40:31 EDT">
  <testcase classname="Test02_POST" name="test_1_post" time="0.005"/>
  <testcase classname="Test02_POST" name="test_2_post" time="0.001"/>
  <testcase classname="Test02_POST" name="test_3_post" time="1.321"/>
</testsuite> <!-- Default test -->
