<?xml version="1.0" encoding="UTF-8"?>
<!-- Generated by org.testng.reporters.JUnitXMLReporter -->
<testsuite ignored="1" hostname="LAPTOP-CFVIKKKJ" failures="0" tests="2" name="Test" time="0.032" errors="0" timestamp="2021-06-15T21:30:36 EDT">
  <testcase classname="TestNg.groupExamples" name="testMethodOne" time="0.004"/>
  <testcase classname="TestNg.groupExamples" name="testMethodThree" time="0.001"/>
  <testcase classname="TestNg.groupExamples" name="testMethodTwo" time="0.0">
    <ignored/>
  </testcase> <!-- testMethodTwo -->
</testsuite> <!-- Test -->
